<?xml version='1.0'?>
<ns2:test-suite xmlns:ns2='urn:model.allure.qatools.yandex.ru' start='1624613708691' stop='1624613711162'>
    <name>Trang chu</name>
    <title>Trang chu</title>
    <test-cases>
        <test-case start='1624613708691' status='passed' stop='1624613711101'>
            <name>kiem tra tieu de trang</name>
            <title>kiem tra tieu de trang</title>
            <labels>
                <label name='language' value='javascript'/>
                <label name='framework' value='wdio'/>
                <label name='thread' value='0-0'/>
            </labels>
            <parameters>
                <parameter kind='argument' name='browser' value='chrome-91.0.4472.114'/>
            </parameters>
            <steps/>
            <attachments/>
        </test-case>
        <test-case start='1624613711102' status='failed' stop='1624613711162'>
            <name>kiem tra tieu de bai viet noi bat</name>
            <title>kiem tra tieu de bai viet noi bat</title>
            <labels>
                <label name='language' value='javascript'/>
                <label name='framework' value='wdio'/>
                <label name='thread' value='0-0'/>
            </labels>
            <parameters>
                <parameter kind='argument' name='browser' value='chrome-91.0.4472.114'/>
            </parameters>
            <steps/>
            <attachments/>
            <failure>
                <message>Expected values to be strictly equal:
                
                'Hai' !== '2'
                </message>
                <stack-trace>AssertionError [ERR_ASSERTION]: Expected values to be strictly equal:
                
                'Hai' !== '2'
                
                    at Context.&lt;anonymous> (/home/mannv/www/wdio/test/specs/vnexpress/home.spec.js:15:16)
                    at processTicksAndRejections (node:internal/process/task_queues:94:5)
                    at async Context.executeAsync (/home/mannv/www/wdio/node_modules/@wdio/utils/build/shim.js:136:16)
                    at async Context.testFrameworkFnWrapper (/home/mannv/www/wdio/node_modules/@wdio/utils/build/test-framework/testFnWrapper.js:52:18)</stack-trace>
            </failure>
        </test-case>
    </test-cases>
</ns2:test-suite>